<?xml version="1.0" encoding="UTF-8"?>
<!-- Generated by org.testng.reporters.JUnitReportReporter -->
<testsuite skipped="0" hostname="LAPTOP-IA991PMQ" name="org.testng_democlass.Soft_Assert_Demo_Class" tests="1" failures="0" timestamp="2022-04-02T07:53:39 IST" time="0.013" errors="0">
  <testcase name="username" time="0.013" classname="org.testng_democlass.Soft_Assert_Demo_Class"/>
  <system-out/>
</testsuite> <!-- org.testng_democlass.Soft_Assert_Demo_Class -->
