<?xml version="1.0" encoding="UTF-8"?>
<!-- Generated by org.testng.reporters.JUnitReportReporter -->
<testsuite skipped="0" hostname="LAPTOP-IA991PMQ" name="org.testng_democlass.Annotations_Demo_Class1" tests="3" failures="0" timestamp="2022-04-03T16:05:29 IST" time="0.011" errors="0">
  <testcase name="Jaga" time="0.006" classname="org.testng_democlass.Annotations_Demo_Class1"/>
  <system-out/>
  <testcase name="Pandiyan" time="0.002" classname="org.testng_democlass.Annotations_Demo_Class1"/>
  <system-out/>
  <testcase name="Vicky" time="0.003" classname="org.testng_democlass.Annotations_Demo_Class1"/>
  <system-out/>
</testsuite> <!-- org.testng_democlass.Annotations_Demo_Class1 -->
