<?xml version="1.0" encoding="UTF-8"?>
<!-- Generated by org.testng.reporters.JUnitReportReporter -->
<testsuite skipped="0" hostname="LAPTOP-IA991PMQ" name="org.testng_democlass.GroupsofGroups_Demo_Class" tests="4" failures="0" timestamp="2022-03-30T00:08:05 IST" time="0.015" errors="0">
  <testcase name="WynkMusic" time="0.002" classname="org.testng_democlass.GroupsofGroups_Demo_Class"/>
  <system-out/>
  <testcase name="Twiter" time="0.001" classname="org.testng_democlass.GroupsofGroups_Demo_Class"/>
  <system-out/>
  <testcase name="Instagram" time="0.011" classname="org.testng_democlass.GroupsofGroups_Demo_Class"/>
  <system-out/>
  <testcase name="Playmusic" time="0.001" classname="org.testng_democlass.GroupsofGroups_Demo_Class"/>
  <system-out/>
</testsuite> <!-- org.testng_democlass.GroupsofGroups_Demo_Class -->
