<?xml version="1.0" encoding="UTF-8"?>
<!-- Generated by org.testng.reporters.JUnitReportReporter -->
<testsuite skipped="0" hostname="LAPTOP-IA991PMQ" name="org.testng_democlass.Priority_Demo_Class" tests="3" failures="0" timestamp="2022-03-29T21:02:26 IST" time="0.013" errors="0">
  <testcase name="Bcom" time="0.011" classname="org.testng_democlass.Priority_Demo_Class"/>
  <system-out/>
  <testcase name="Mcom" time="0.001" classname="org.testng_democlass.Priority_Demo_Class"/>
  <system-out/>
  <testcase name="Mphil" time="0.001" classname="org.testng_democlass.Priority_Demo_Class"/>
  <system-out/>
</testsuite> <!-- org.testng_democlass.Priority_Demo_Class -->
