<?xml version="1.0" encoding="UTF-8"?>
<!-- Generated by org.testng.reporters.JUnitReportReporter -->
<testsuite skipped="0" hostname="LAPTOP-IA991PMQ" name="org.testng_democlass.Excepted_Exception" tests="1" failures="0" timestamp="2022-03-30T20:43:25 IST" time="0.015" errors="0">
  <testcase name="CalCulator" time="0.015" classname="org.testng_democlass.Excepted_Exception"/>
  <system-out/>
</testsuite> <!-- org.testng_democlass.Excepted_Exception -->
