<?xml version="1.0" encoding="UTF-8"?>
<!-- Generated by org.testng.reporters.JUnitReportReporter -->
<testsuite skipped="0" hostname="LAPTOP-IA991PMQ" name="org.testng_democlass.Parameterized_Demo_Class" tests="1" failures="0" timestamp="2022-04-01T19:15:28 IST" time="0.008" errors="0">
  <testcase name="credentaials" time="0.008" classname="org.testng_democlass.Parameterized_Demo_Class"/>
  <system-out/>
</testsuite> <!-- org.testng_democlass.Parameterized_Demo_Class -->
