<?xml version="1.0" encoding="UTF-8"?>
<!-- Generated by org.testng.reporters.JUnitReportReporter -->
<testsuite skipped="0" hostname="LAPTOP-IA991PMQ" name="org.testng_democlass.Group_Demo_Class" tests="2" failures="0" timestamp="2022-03-29T23:21:26 IST" time="0.011" errors="0">
  <testcase name="Facebook" time="0.010" classname="org.testng_democlass.Group_Demo_Class"/>
  <system-out/>
  <testcase name="WhatsApp" time="0.001" classname="org.testng_democlass.Group_Demo_Class"/>
  <system-out/>
</testsuite> <!-- org.testng_democlass.Group_Demo_Class -->
