<?xml version="1.0" encoding="UTF-8"?>
<!-- Generated by org.testng.reporters.JUnitReportReporter -->
<testsuite skipped="0" hostname="LAPTOP-IA991PMQ" name="org.testng_democlass.Dependency_Demo_Class" tests="3" failures="0" timestamp="2022-04-01T12:24:37 IST" time="0.011" errors="0">
  <testcase name="Watch" time="0.009" classname="org.testng_democlass.Dependency_Demo_Class"/>
  <system-out/>
  <testcase name="Mobile" time="0.001" classname="org.testng_democlass.Dependency_Demo_Class"/>
  <system-out/>
  <testcase name="Offer" time="0.001" classname="org.testng_democlass.Dependency_Demo_Class"/>
  <system-out/>
</testsuite> <!-- org.testng_democlass.Dependency_Demo_Class -->
