<?xml version="1.0" encoding="UTF-8"?>
<!-- Generated by org.testng.reporters.JUnitReportReporter -->
<testsuite skipped="0" hostname="LAPTOP-IA991PMQ" name="org.testng_democlass.Dependency_Demo_Class1" tests="5" failures="0" timestamp="2022-03-30T22:51:47 IST" time="0.016" errors="0">
  <testcase name="d" time="0.002" classname="org.testng_democlass.Dependency_Demo_Class1"/>
  <system-out/>
  <testcase name="c" time="0.010" classname="org.testng_democlass.Dependency_Demo_Class1"/>
  <system-out/>
  <testcase name="e" time="0.001" classname="org.testng_democlass.Dependency_Demo_Class1"/>
  <system-out/>
  <testcase name="b" time="0.001" classname="org.testng_democlass.Dependency_Demo_Class1"/>
  <system-out/>
  <testcase name="a" time="0.002" classname="org.testng_democlass.Dependency_Demo_Class1"/>
  <system-out/>
</testsuite> <!-- org.testng_democlass.Dependency_Demo_Class1 -->
