<?xml version="1.0" encoding="UTF-8"?>
<!-- Generated by org.testng.reporters.JUnitReportReporter -->
<testsuite skipped="0" hostname="LAPTOP-IA991PMQ" name="org.testng_democlass.TimeOut_Demo_Class" tests="1" failures="0" timestamp="2022-03-30T21:44:20 IST" time="5.053" errors="0">
  <testcase name="Browser_Execution" time="5.053" classname="org.testng_democlass.TimeOut_Demo_Class"/>
  <system-out/>
</testsuite> <!-- org.testng_democlass.TimeOut_Demo_Class -->
