<?xml version="1.0" encoding="UTF-8"?>
<!-- Generated by org.testng.reporters.JUnitReportReporter -->
<testsuite skipped="0" hostname="LAPTOP-IA991PMQ" name="org.runner_class_testng.PurchaseDress_TestNg" tests="3" failures="0" timestamp="2022-04-04T15:01:42 IST" time="231.677" errors="0">
  <testcase name="BeachDressDress" time="53.923" classname="org.runner_class_testng.PurchaseDress_TestNg"/>
  <system-out/>
  <testcase name="SummerDressDress" time="91.824" classname="org.runner_class_testng.PurchaseDress_TestNg"/>
  <system-out/>
  <testcase name="CasualDress" time="85.930" classname="org.runner_class_testng.PurchaseDress_TestNg"/>
  <system-out/>
</testsuite> <!-- org.runner_class_testng.PurchaseDress_TestNg -->
