<?xml version="1.0" encoding="UTF-8"?>
<!-- Generated by org.testng.reporters.JUnitReportReporter -->
<testsuite skipped="0" hostname="LAPTOP-IA991PMQ" name="org.testng_democlass.Parallel_Demo_Class" tests="2" failures="0" timestamp="2022-04-02T08:17:14 IST" time="0.022" errors="0">
  <testcase name="Username" time="0.011" classname="org.testng_democlass.Parallel_Demo_Class"/>
  <system-out/>
  <testcase name="Password" time="0.011" classname="org.testng_democlass.Parallel_Demo_Class"/>
  <system-out/>
</testsuite> <!-- org.testng_democlass.Parallel_Demo_Class -->
