<?xml version="1.0" encoding="UTF-8"?>
<!-- Generated by org.testng.reporters.JUnitReportReporter -->
<testsuite skipped="1" hostname="LAPTOP-IA991PMQ" name="org.testng_democlass.Ignore_Demo_Class" tests="4" failures="0" timestamp="2022-03-29T22:32:19 IST" time="0.008" errors="0">
  <testcase name="FPL" time="0.008" classname="org.testng_democlass.Ignore_Demo_Class"/>
  <system-out/>
  <testcase name="InternationalFootBallTeam" time="0.000" classname="org.testng_democlass.Ignore_Demo_Class"/>
  <system-out/>
  <testcase name="StateFootballTeam" time="0.000" classname="org.testng_democlass.Ignore_Demo_Class"/>
  <system-out/>
  <testcase name="Domastic" classname="org.testng_democlass.Ignore_Demo_Class">
    <skipped/>
  </testcase> <!-- Domastic -->
  <system-out/>
</testsuite> <!-- org.testng_democlass.Ignore_Demo_Class -->
