<?xml version="1.0" encoding="UTF-8"?>
<!-- Generated by org.testng.reporters.JUnitReportReporter -->
<testsuite skipped="0" hostname="LAPTOP-IA991PMQ" name="org.testng_democlass.Invocation_Demo_Class" tests="5" failures="0" timestamp="2022-03-30T20:28:50 IST" time="0.021" errors="0">
  <testcase name="Browser_Lanch" time="0.015" classname="org.testng_democlass.Invocation_Demo_Class"/>
  <system-out/>
  <testcase name="refresh" time="0.001" classname="org.testng_democlass.Invocation_Demo_Class"/>
  <system-out/>
  <testcase name="refresh" time="0.002" classname="org.testng_democlass.Invocation_Demo_Class"/>
  <system-out/>
  <testcase name="refresh" time="0.001" classname="org.testng_democlass.Invocation_Demo_Class"/>
  <system-out/>
  <testcase name="Lanch_Url" time="0.002" classname="org.testng_democlass.Invocation_Demo_Class"/>
  <system-out/>
</testsuite> <!-- org.testng_democlass.Invocation_Demo_Class -->
